INFO    -  Building documentation... 
INFO    -  Cleaning site directory 
INFO    -  The following pages exist in the docs directory, but are not included in the "nav" configuration:
  - contentLicense.md
  - structured.md 
WARNING -  A relative path to 'api/index.html?com/pkware/smartcrypt/unstructured/package-summary.html' is included in the 'nav' configuration, which is not found in the documentation files 
WARNING -  A relative path to 'api/index.html?com/pkware/smartcrypt/keymanagement/package-summary.html' is included in the 'nav' configuration, which is not found in the documentation files 
WARNING -  Documentation file 'concepts/logging.md' contains a link to 'concepts/api/com/pkware/smartcrypt/metaclient/Logger.html' which is not found in the documentation files. 
WARNING -  Documentation file 'concepts/logging.md' contains a link to 'concepts/api/com/pkware/smartcrypt/metaclient/NativeMetaClient.Builder.html' which is not found in the documentation files. 
WARNING -  Documentation file 'concepts/logging.md' contains a link to 'concepts/api/com/pkware/smartcrypt/metaclient/Logger.html' which is not found in the documentation files. 
WARNING -  Documentation file 'concepts/logging.md' contains a link to 'concepts/api/com/pkware/smartcrypt/metaclient/Logger.html' which is not found in the documentation files. 
WARNING -  Documentation file 'concepts/logging.md' contains a link to 'concepts/api/com/pkware/smartcrypt/metaclient/Logger.html' which is not found in the documentation files. 
WARNING -  Documentation file 'concepts/logging.md' contains a link to 'concepts/api/com/pkware/smartcrypt/metaclient/Logger.Level.html' which is not found in the documentation files. 
WARNING -  Documentation file 'concepts/logging.md' contains a link to 'concepts/api/com/pkware/smartcrypt/metaclient/Logger.html' which is not found in the documentation files. 
WARNING -  Documentation file 'concepts/notifications.md' contains a link to 'concepts/api/com/pkware/smartcrypt/keymanagement/DataStorage.html' which is not found in the documentation files. 
WARNING -  Documentation file 'concepts/notifications.md' contains a link to 'concepts/api/com/pkware/smartcrypt/metaclient/Notification.html' which is not found in the documentation files. 
WARNING -  Documentation file 'concepts/notifications.md' contains a link to 'concepts/api/com/pkware/smartcrypt/metaclient/NotificationPriority.html' which is not found in the documentation files. 
WARNING -  Documentation file 'keyManagement/index.md' contains a link to 'keyManagement/api/com/pkware/smartcrypt/metaclient/MetaClient.html' which is not found in the documentation files. 
WARNING -  Documentation file 'keyManagement/index.md' contains a link to 'keyManagement/api/com/pkware/smartcrypt/metaclient/Logger.html' which is not found in the documentation files. 
WARNING -  Documentation file 'keyManagement/index.md' contains a link to 'keyManagement/api/index.html' which is not found in the documentation files. 
WARNING -  Documentation file 'keyManagement/index.md' contains a link to 'keyManagement/api/index.html' which is not found in the documentation files. 
WARNING -  Documentation file 'keyManagement/index.md' contains a link to 'keyManagement/api/index.html' which is not found in the documentation files. 
WARNING -  Documentation file 'keyManagement/index.md' contains a link to 'keyManagement/api/index.html' which is not found in the documentation files. 

Aborted!
